# JRE version: Java(TM) SE Runtime Environment (8.0_121-b13) (build 1.8.0_121-b13)
# Java VM: Java HotSpot(TM) 64-Bit Server VM (25.121-b13 mixed mode windows-amd64 compressed oops)
Heap:
 PSYoungGen      total 296960K, used 164257K [0x00000000eab00000, 0x0000000100000000, 0x0000000100000000)
  eden space 262656K, 62% used [0x00000000eab00000,0x00000000f4b687d0,0x00000000fab80000)
  from space 34304K, 0% used [0x00000000fab80000,0x00000000fab80000,0x00000000fcd00000)
  to   space 52224K, 0% used [0x00000000fcd00000,0x00000000fcd00000,0x0000000100000000)
 ParOldGen       total 87552K, used 87533K [0x00000000c0000000, 0x00000000c5580000, 0x00000000eab00000)
  object space 87552K, 99% used [0x00000000c0000000,0x00000000c557b7f8,0x00000000c5580000)
 Metaspace       used 7076K, capacity 7640K, committed 7936K, reserved 1056768K
  class space    used 662K, capacity 720K, committed 768K, reserved 1048576K
GC Heap History (10 events):
Event: 4.374 GC heap before
{Heap before GC invocations=8 (full 1):
 PSYoungGen      total 296960K, used 34283K [0x00000000eab00000, 0x0000000100000000, 0x0000000100000000)
  eden space 262656K, 0% used [0x00000000eab00000,0x00000000eab00000,0x00000000fab80000)
  from space 34304K, 99% used [0x00000000fab80000,0x00000000fccfad08,0x00000000fcd00000)
  to   space 52224K, 0% used [0x00000000fcd00000,0x00000000fcd00000,0x0000000100000000)
 ParOldGen       total 87552K, used 65028K [0x00000000c0000000, 0x00000000c5580000, 0x00000000eab00000)
  object space 87552K, 74% used [0x00000000c0000000,0x00000000c3f81170,0x00000000c5580000)
 Metaspace       used 6696K, capacity 7256K, committed 7424K, reserved 1056768K
  class space    used 643K, capacity 656K, committed 768K, reserved 1048576K
Event: 5.145 GC heap after
Heap after GC invocations=8 (full 1):
 PSYoungGen      total 296960K, used 5589K [0x00000000eab00000, 0x0000000100000000, 0x0000000100000000)
  eden space 262656K, 0% used [0x00000000eab00000,0x00000000eab00000,0x00000000fab80000)
  from space 34304K, 16% used [0x00000000fab80000,0x00000000fb0f5670,0x00000000fcd00000)
  to   space 52224K, 0% used [0x00000000fcd00000,0x00000000fcd00000,0x0000000100000000)
 ParOldGen       total 87552K, used 87054K [0x00000000c0000000, 0x00000000c5580000, 0x00000000eab00000)
  object space 87552K, 99% used [0x00000000c0000000,0x00000000c5503a30,0x00000000c5580000)
 Metaspace       used 6696K, capacity 7256K, committed 7424K, reserved 1056768K
  class space    used 643K, capacity 656K, committed 768K, reserved 1048576K
}
Event: 6.212 GC heap before
{Heap before GC invocations=9 (full 2):
 PSYoungGen      total 296960K, used 268245K [0x00000000eab00000, 0x0000000100000000, 0x0000000100000000)
  eden space 262656K, 100% used [0x00000000eab00000,0x00000000fab80000,0x00000000fab80000)
  from space 34304K, 16% used [0x00000000fab80000,0x00000000fb0f5670,0x00000000fcd00000)
  to   space 52224K, 0% used [0x00000000fcd00000,0x00000000fcd00000,0x0000000100000000)
 ParOldGen       total 87552K, used 87054K [0x00000000c0000000, 0x00000000c5580000, 0x00000000eab00000)
  object space 87552K, 99% used [0x00000000c0000000,0x00000000c5503a30,0x00000000c5580000)
 Metaspace       used 6714K, capacity 7320K, committed 7680K, reserved 1056768K
  class space    used 643K, capacity 656K, committed 768K, reserved 1048576K
Event: 6.779 GC heap after
Heap after GC invocations=9 (full 2):
 PSYoungGen      total 296960K, used 42696K [0x00000000eab00000, 0x0000000100000000, 0x0000000100000000)
  eden space 262656K, 16% used [0x00000000eab00000,0x00000000ed4b21d8,0x00000000fab80000)
  from space 34304K, 0% used [0x00000000fab80000,0x00000000fab80000,0x00000000fcd00000)
  to   space 52224K, 0% used [0x00000000fcd00000,0x00000000fcd00000,0x0000000100000000)
 ParOldGen       total 87552K, used 87494K [0x00000000c0000000, 0x00000000c5580000, 0x00000000eab00000)
  object space 87552K, 99% used [0x00000000c0000000,0x00000000c5571850,0x00000000c5580000)
 Metaspace       used 6714K, capacity 7320K, committed 7680K, reserved 1056768K
  class space    used 643K, capacity 656K, committed 768K, reserved 1048576K
}
Event: 7.649 GC heap before
{Heap before GC invocations=10 (full 3):
 PSYoungGen      total 296960K, used 262656K [0x00000000eab00000, 0x0000000100000000, 0x0000000100000000)
  eden space 262656K, 100% used [0x00000000eab00000,0x00000000fab80000,0x00000000fab80000)
  from space 34304K, 0% used [0x00000000fab80000,0x00000000fab80000,0x00000000fcd00000)
  to   space 52224K, 0% used [0x00000000fcd00000,0x00000000fcd00000,0x0000000100000000)
 ParOldGen       total 87552K, used 87494K [0x00000000c0000000, 0x00000000c5580000, 0x00000000eab00000)
  object space 87552K, 99% used [0x00000000c0000000,0x00000000c5571850,0x00000000c5580000)
 Metaspace       used 6722K, capacity 7320K, committed 7680K, reserved 1056768K
  class space    used 643K, capacity 656K, committed 768K, reserved 1048576K
Event: 8.733 GC heap after
Heap after GC invocations=10 (full 3):
 PSYoungGen      total 296960K, used 74806K [0x00000000eab00000, 0x0000000100000000, 0x0000000100000000)
  eden space 262656K, 28% used [0x00000000eab00000,0x00000000ef40d8c0,0x00000000fab80000)
  from space 34304K, 0% used [0x00000000fab80000,0x00000000fab80000,0x00000000fcd00000)
  to   space 52224K, 0% used [0x00000000fcd00000,0x00000000fcd00000,0x0000000100000000)
 ParOldGen       total 87552K, used 87257K [0x00000000c0000000, 0x00000000c5580000, 0x00000000eab00000)
  object space 87552K, 99% used [0x00000000c0000000,0x00000000c5536428,0x00000000c5580000)
 Metaspace       used 6722K, capacity 7320K, committed 7680K, reserved 1056768K
  class space    used 643K, capacity 656K, committed 768K, reserved 1048576K
}
Event: 9.675 GC heap before
{Heap before GC invocations=11 (full 4):
 PSYoungGen      total 296960K, used 262656K [0x00000000eab00000, 0x0000000100000000, 0x0000000100000000)
  eden space 262656K, 100% used [0x00000000eab00000,0x00000000fab80000,0x00000000fab80000)
  from space 34304K, 0% used [0x00000000fab80000,0x00000000fab80000,0x00000000fcd00000)
  to   space 52224K, 0% used [0x00000000fcd00000,0x00000000fcd00000,0x0000000100000000)
 ParOldGen       total 87552K, used 87257K [0x00000000c0000000, 0x00000000c5580000, 0x00000000eab00000)
  object space 87552K, 99% used [0x00000000c0000000,0x00000000c5536428,0x00000000c5580000)
 Metaspace       used 6725K, capacity 7320K, committed 7680K, reserved 1056768K
  class space    used 643K, capacity 656K, committed 768K, reserved 1048576K
Event: 10.353 GC heap after
Heap after GC invocations=11 (full 4):
 PSYoungGen      total 296960K, used 100905K [0x00000000eab00000, 0x0000000100000000, 0x0000000100000000)
  eden space 262656K, 38% used [0x00000000eab00000,0x00000000f0d8a468,0x00000000fab80000)
  from space 34304K, 0% used [0x00000000fab80000,0x00000000fab80000,0x00000000fcd00000)
  to   space 52224K, 0% used [0x00000000fcd00000,0x00000000fcd00000,0x0000000100000000)
 ParOldGen       total 87552K, used 87256K [0x00000000c0000000, 0x00000000c5580000, 0x00000000eab00000)
  object space 87552K, 99% used [0x00000000c0000000,0x00000000c5536148,0x00000000c5580000)
 Metaspace       used 6725K, capacity 7320K, committed 7680K, reserved 1056768K
  class space    used 643K, capacity 656K, committed 768K, reserved 1048576K
}
Event: 11.579 GC heap before
{Heap before GC invocations=12 (full 5):
 PSYoungGen      total 296960K, used 262656K [0x00000000eab00000, 0x0000000100000000, 0x0000000100000000)
  eden space 262656K, 100% used [0x00000000eab00000,0x00000000fab80000,0x00000000fab80000)
  from space 34304K, 0% used [0x00000000fab80000,0x00000000fab80000,0x00000000fcd00000)
  to   space 52224K, 0% used [0x00000000fcd00000,0x00000000fcd00000,0x0000000100000000)
 ParOldGen       total 87552K, used 87256K [0x00000000c0000000, 0x00000000c5580000, 0x00000000eab00000)
  object space 87552K, 99% used [0x00000000c0000000,0x00000000c5536148,0x00000000c5580000)
 Metaspace       used 6859K, capacity 7416K, committed 7680K, reserved 1056768K
  class space    used 650K, capacity 688K, committed 768K, reserved 1048576K
Event: 14.121 GC heap after
Heap after GC invocations=12 (full 5):
 PSYoungGen      total 296960K, used 122898K [0x00000000eab00000, 0x0000000100000000, 0x0000000100000000)
  eden space 262656K, 46% used [0x00000000eab00000,0x00000000f2304a08,0x00000000fab80000)
  from space 34304K, 0% used [0x00000000fab80000,0x00000000fab80000,0x00000000fcd00000)
  to   space 52224K, 0% used [0x00000000fcd00000,0x00000000fcd00000,0x0000000100000000)
 ParOldGen       total 87552K, used 87533K [0x00000000c0000000, 0x00000000c5580000, 0x00000000eab00000)
  object space 87552K, 99% used [0x00000000c0000000,0x00000000c557b7f8,0x00000000c5580000)
 Metaspace       used 6859K, capacity 7416K, committed 7680K, reserved 1056768K
  class space    used 650K, capacity 688K, committed 768K, reserved 1048576K
}

